<?xml version="1.0" encoding="UTF-8"?>
<!-- Generated by org.testng.reporters.JUnitReportReporter -->
<testsuite hostname="DESKTOP-1HG8JJK" failures="0" tests="1" name="GroupsParametersInTestNg.ParametersClass" time="0.013" errors="0" timestamp="2021-07-15T13:21:53 IST" skipped="0">
  <testcase classname="GroupsParametersInTestNg.ParametersClass" name="test" time="0.013"/>
  <system-out/>
</testsuite> <!-- GroupsParametersInTestNg.ParametersClass -->
