<?xml version="1.0" encoding="UTF-8"?>
<!-- Generated by org.testng.reporters.JUnitReportReporter -->
<testsuite hostname="DESKTOP-1HG8JJK" failures="0" tests="3" name="GroupsParametersInTestNg.GroupsClass" time="0.006" errors="0" timestamp="2021-07-15T13:46:09 IST" skipped="0">
  <testcase classname="GroupsParametersInTestNg.GroupsClass" name="test1" time="0.001"/>
  <system-out/>
  <testcase classname="GroupsParametersInTestNg.GroupsClass" name="test3" time="0.003"/>
  <system-out/>
  <testcase classname="GroupsParametersInTestNg.GroupsClass" name="test2" time="0.002"/>
  <system-out/>
</testsuite> <!-- GroupsParametersInTestNg.GroupsClass -->
