<?xml version="1.0" encoding="UTF-8"?>
<!-- Generated by org.testng.reporters.JUnitReportReporter -->
<testsuite hostname="DESKTOP-1HG8JJK" failures="0" tests="3" name="GroupsParametersInTestNg.DependsOnGroupClass" time="0.047" errors="0" timestamp="2021-07-15T14:52:18 IST" skipped="0">
  <testcase classname="GroupsParametersInTestNg.DependsOnGroupClass" name="test2" time="0.030"/>
  <system-out/>
  <testcase classname="GroupsParametersInTestNg.DependsOnGroupClass" name="test3" time="0.010"/>
  <system-out/>
  <testcase classname="GroupsParametersInTestNg.DependsOnGroupClass" name="test1" time="0.007"/>
  <system-out/>
</testsuite> <!-- GroupsParametersInTestNg.DependsOnGroupClass -->
